# JRE version: Java(TM) SE Runtime Environment 18.9 (11.0.8+10) (build 11.0.8+10-LTS)
# Java VM: Java HotSpot(TM) 64-Bit Server VM 18.9 (11.0.8+10-LTS, mixed mode, tiered, compressed oops, g1 gc, windows-amd64)
Heap:
 garbage-first heap   total 189440K, used 129773K [0x0000000081600000, 0x0000000100000000)
  region size 1024K, 108 young (110592K), 11 survivors (11264K)
 Metaspace       used 78659K, capacity 80297K, committed 80384K, reserved 1120256K
  class space    used 9829K, capacity 10474K, committed 10496K, reserved 1048576K
GC Heap History (10 events):
Event: 2.070 GC heap before
{Heap before GC invocations=5 (full 0):
 garbage-first heap   total 131072K, used 49413K [0x0000000081600000, 0x0000000100000000)
  region size 1024K, 40 young (40960K), 5 survivors (5120K)
 Metaspace       used 34944K, capacity 35700K, committed 35840K, reserved 1081344K
  class space    used 4097K, capacity 4390K, committed 4480K, reserved 1048576K
}
Event: 2.079 GC heap after
{Heap after GC invocations=6 (full 0):
 garbage-first heap   total 157696K, used 15868K [0x0000000081600000, 0x0000000100000000)
  region size 1024K, 6 young (6144K), 6 survivors (6144K)
 Metaspace       used 34944K, capacity 35700K, committed 35840K, reserved 1081344K
  class space    used 4097K, capacity 4390K, committed 4480K, reserved 1048576K
}
Event: 5.261 GC heap before
{Heap before GC invocations=7 (full 0):
 garbage-first heap   total 157696K, used 92668K [0x0000000081600000, 0x0000000100000000)
  region size 1024K, 82 young (83968K), 6 survivors (6144K)
 Metaspace       used 41641K, capacity 42605K, committed 42752K, reserved 1087488K
  class space    used 4935K, capacity 5314K, committed 5376K, reserved 1048576K
}
Event: 5.271 GC heap after
{Heap after GC invocations=8 (full 0):
 garbage-first heap   total 157696K, used 19096K [0x0000000081600000, 0x0000000100000000)
  region size 1024K, 9 young (9216K), 9 survivors (9216K)
 Metaspace       used 41641K, capacity 42605K, committed 42752K, reserved 1087488K
  class space    used 4935K, capacity 5314K, committed 5376K, reserved 1048576K
}
Event: 5.875 GC heap before
{Heap before GC invocations=8 (full 0):
 garbage-first heap   total 157696K, used 103064K [0x0000000081600000, 0x0000000100000000)
  region size 1024K, 92 young (94208K), 9 survivors (9216K)
 Metaspace       used 49996K, capacity 51087K, committed 51200K, reserved 1093632K
  class space    used 6190K, capacity 6603K, committed 6656K, reserved 1048576K
}
Event: 5.886 GC heap after
{Heap after GC invocations=9 (full 0):
 garbage-first heap   total 157696K, used 21454K [0x0000000081600000, 0x0000000100000000)
  region size 1024K, 9 young (9216K), 9 survivors (9216K)
 Metaspace       used 49996K, capacity 51087K, committed 51200K, reserved 1093632K
  class space    used 6190K, capacity 6603K, committed 6656K, reserved 1048576K
}
Event: 6.354 GC heap before
{Heap before GC invocations=9 (full 0):
 garbage-first heap   total 157696K, used 67534K [0x0000000081600000, 0x0000000100000000)
  region size 1024K, 56 young (57344K), 9 survivors (9216K)
 Metaspace       used 58848K, capacity 60078K, committed 60160K, reserved 1101824K
  class space    used 7252K, capacity 7758K, committed 7808K, reserved 1048576K
}
Event: 6.366 GC heap after
{Heap after GC invocations=10 (full 0):
 garbage-first heap   total 157696K, used 26210K [0x0000000081600000, 0x0000000100000000)
  region size 1024K, 11 young (11264K), 11 survivors (11264K)
 Metaspace       used 58848K, capacity 60078K, committed 60160K, reserved 1101824K
  class space    used 7252K, capacity 7758K, committed 7808K, reserved 1048576K
}
Event: 7.106 GC heap before
{Heap before GC invocations=11 (full 0):
 garbage-first heap   total 157696K, used 111202K [0x0000000081600000, 0x0000000100000000)
  region size 1024K, 92 young (94208K), 11 survivors (11264K)
 Metaspace       used 67481K, capacity 68822K, committed 68992K, reserved 1110016K
  class space    used 8261K, capacity 8793K, committed 8832K, reserved 1048576K
}
Event: 7.118 GC heap after
{Heap after GC invocations=12 (full 0):
 garbage-first heap   total 189440K, used 31469K [0x0000000081600000, 0x0000000100000000)
  region size 1024K, 11 young (11264K), 11 survivors (11264K)
 Metaspace       used 67481K, capacity 68822K, committed 68992K, reserved 1110016K
  class space    used 8261K, capacity 8793K, committed 8832K, reserved 1048576K
}

